Unity Editor version:    2021.3.2f1 (d6360bedb9a0)
Branch:                  2021.3/staging
Build type:              Release
Batch mode:              YES
macOS version:           Version 12.4 (Build 21F79)
Darwin version:          21.5.0
Architecture:            x86_64
Running under Rosetta:   NO
Available memory:        32768 MB
Using pre-set license
Pro License: YES

COMMAND LINE ARGUMENTS:
/Applications/Unity/Hub/Editor/2021.3.2f1/Unity.app/Contents/MacOS/Unity
-adb2
-batchMode
-noUpm
-name
AssetImportWorker2
-projectPath
/Users/kk/Documents/Unity/NewCube
-logFile
Logs/AssetImportWorker2.log
-srvPort
56260
Successfully changed project path to: /Users/kk/Documents/Unity/NewCube
/Users/kk/Documents/Unity/NewCube
[UnityMemory] Configuration Parameters - Can be set up in boot.config
    "memorysetup-bucket-allocator-granularity=16"
    "memorysetup-bucket-allocator-bucket-count=8"
    "memorysetup-bucket-allocator-block-size=33554432"
    "memorysetup-bucket-allocator-block-count=8"
    "memorysetup-main-allocator-block-size=16777216"
    "memorysetup-thread-allocator-block-size=16777216"
    "memorysetup-gfx-main-allocator-block-size=16777216"
    "memorysetup-gfx-thread-allocator-block-size=16777216"
    "memorysetup-cache-allocator-block-size=4194304"
    "memorysetup-typetree-allocator-block-size=2097152"
    "memorysetup-profiler-bucket-allocator-granularity=16"
    "memorysetup-profiler-bucket-allocator-bucket-count=8"
    "memorysetup-profiler-bucket-allocator-block-size=33554432"
    "memorysetup-profiler-bucket-allocator-block-count=8"
    "memorysetup-profiler-allocator-block-size=16777216"
    "memorysetup-profiler-editor-allocator-block-size=1048576"
    "memorysetup-temp-allocator-size-main=16777216"
    "memorysetup-job-temp-allocator-block-size=2097152"
    "memorysetup-job-temp-allocator-block-size-background=1048576"
    "memorysetup-job-temp-allocator-reduction-small-platforms=262144"
    "memorysetup-temp-allocator-size-background-worker=32768"
    "memorysetup-temp-allocator-size-job-worker=262144"
    "memorysetup-temp-allocator-size-preload-manager=33554432"
    "memorysetup-temp-allocator-size-nav-mesh-worker=65536"
    "memorysetup-temp-allocator-size-audio-worker=65536"
    "memorysetup-temp-allocator-size-cloud-worker=32768"
    "memorysetup-temp-allocator-size-gi-baking-worker=262144"
    "memorysetup-temp-allocator-size-gfx=262144"
Refreshing native plugins compatible for Editor in 170.21 ms, found 2 plugins.
Preloading 0 native plugins for Editor in 0.00 ms.
Initialize engine version: 2021.3.2f1 (d6360bedb9a0)
[Subsystems] Discovering subsystems at path /Applications/Unity/Hub/Editor/2021.3.2f1/Unity.app/Contents/Resources/UnitySubsystems
[Subsystems] Discovering subsystems at path /Users/kk/Documents/Unity/NewCube/Assets
GfxDevice: creating device client; threaded=0; jobified=0
Color LCD preferred device: Intel(R) UHD Graphics 630 (low power)
Metal devices available: 2
0: AMD Radeon Pro 5500M (high power)
1: Intel(R) UHD Graphics 630 (low power)
Using device AMD Radeon Pro 5500M (high power)
Initializing Metal device caps: AMD Radeon Pro 5500M
Initialize mono
Mono path[0] = '/Applications/Unity/Hub/Editor/2021.3.2f1/Unity.app/Contents/Managed'
Mono path[1] = '/Applications/Unity/Hub/Editor/2021.3.2f1/Unity.app/Contents/MonoBleedingEdge/lib/mono/unityjit-macos'
Mono config path = '/Applications/Unity/Hub/Editor/2021.3.2f1/Unity.app/Contents/MonoBleedingEdge/etc'
Using monoOptions --debugger-agent=transport=dt_socket,embedding=1,server=y,suspend=n,address=127.0.0.1:56298
Begin MonoManager ReloadAssembly
Registering precompiled unity dll's ...
Register platform support module: /Applications/Unity/Hub/Editor/2021.3.2f1/Unity.app/Contents/PlaybackEngines/MacStandaloneSupport/UnityEditor.OSXStandalone.Extensions.dll
Registered in 0.000764 seconds.
Native extension for OSXStandalone target not found
Refreshing native plugins compatible for Editor in 165.13 ms, found 2 plugins.
Preloading 0 native plugins for Editor in 0.00 ms.
Mono: successfully reloaded assembly
- Completed reload, in  0.802 seconds
Domain Reload Profiling:
	ReloadAssembly (802ms)
		BeginReloadAssembly (68ms)
			ExecutionOrderSort (0ms)
			DisableScriptedObjects (0ms)
			BackupInstance (0ms)
			ReleaseScriptingObjects (0ms)
			CreateAndSetChildDomain (1ms)
		EndReloadAssembly (601ms)
			LoadAssemblies (67ms)
			RebuildTransferFunctionScriptingTraits (0ms)
			SetupTypeCache (123ms)
			ReleaseScriptCaches (0ms)
			RebuildScriptCaches (41ms)
			SetupLoadedEditorAssemblies (381ms)
				LogAssemblyErrors (0ms)
				InitializePlatformSupportModulesInManaged (9ms)
				SetLoadedEditorAssemblies (0ms)
				RefreshPlugins (165ms)
				BeforeProcessingInitializeOnLoad (1ms)
				ProcessInitializeOnLoadAttributes (160ms)
				ProcessInitializeOnLoadMethodAttributes (45ms)
				AfterProcessingInitializeOnLoad (0ms)
				EditorAssembliesLoaded (0ms)
			ExecutionOrderSort2 (0ms)
			AwakeInstancesAfterBackupRestoration (0ms)
Platform modules already initialized, skipping
Registering precompiled user dll's ...
Registered in 0.002388 seconds.
Begin MonoManager ReloadAssembly
Symbol file LoadedFromMemory doesn't match image /Users/kk/Documents/Unity/NewCube/Library/PackageCache/com.unity.visualscripting@1.7.6/Editor/VisualScripting.Core/Dependencies/YamlDotNet/Unity.VisualScripting.YamlDotNet.dll
Symbol file LoadedFromMemory doesn't match image /Users/kk/Documents/Unity/NewCube/Library/PackageCache/com.unity.visualscripting@1.7.6/Editor/VisualScripting.Core/Dependencies/DotNetZip/Unity.VisualScripting.IonicZip.dll
Native extension for OSXStandalone target not found
Refreshing native plugins compatible for Editor in 1.43 ms, found 2 plugins.
Preloading 0 native plugins for Editor in 0.00 ms.
Mono: successfully reloaded assembly
- Completed reload, in  1.295 seconds
Domain Reload Profiling:
	ReloadAssembly (1296ms)
		BeginReloadAssembly (102ms)
			ExecutionOrderSort (0ms)
			DisableScriptedObjects (6ms)
			BackupInstance (0ms)
			ReleaseScriptingObjects (0ms)
			CreateAndSetChildDomain (22ms)
		EndReloadAssembly (1055ms)
			LoadAssemblies (67ms)
			RebuildTransferFunctionScriptingTraits (0ms)
			SetupTypeCache (374ms)
			ReleaseScriptCaches (1ms)
			RebuildScriptCaches (70ms)
			SetupLoadedEditorAssemblies (481ms)
				LogAssemblyErrors (0ms)
				InitializePlatformSupportModulesInManaged (4ms)
				SetLoadedEditorAssemblies (1ms)
				RefreshPlugins (1ms)
				BeforeProcessingInitializeOnLoad (88ms)
				ProcessInitializeOnLoadAttributes (352ms)
				ProcessInitializeOnLoadMethodAttributes (34ms)
				AfterProcessingInitializeOnLoad (1ms)
				EditorAssembliesLoaded (0ms)
			ExecutionOrderSort2 (0ms)
			AwakeInstancesAfterBackupRestoration (5ms)
Platform modules already initialized, skipping
========================================================================
Worker process is ready to serve import requests
Launching external process: /Applications/Unity/Hub/Editor/2021.3.2f1/Unity.app/Contents/Tools/UnityShaderCompiler
Launched and connected shader compiler UnityShaderCompiler after 0.07 seconds
Refreshing native plugins compatible for Editor in 1.33 ms, found 2 plugins.
Preloading 0 native plugins for Editor in 0.00 ms.
Unloading 3485 Unused Serialized files (Serialized files now loaded: 0)
Unloading 32 unused Assets / (96.4 KB). Loaded Objects now: 3958.
Memory consumption went from 249.0 MB to 248.9 MB.
Total: 3.632998 ms (FindLiveObjects: 0.354494 ms CreateObjectMapping: 0.214863 ms MarkObjects: 2.887517 ms  DeleteObjects: 0.175109 ms)

AssetImportParameters requested are different than current active one (requested -> active):
  custom:video-decoder-ogg-theora: a1e56fd34408186e4bbccfd4996cb3dc -> 
  custom:container-muxer-webm: aa71ff27fc2769a1b78a27578f13a17b -> 
  custom:container-demuxer-webm: 4f35f7cbe854078d1ac9338744f61a02 -> 
  custom:video-encoder-webm-vp8: eb34c28f22e8b96e1ab97ce403110664 -> 
  custom:framework-osx-AVFoundation: e770b220cccbd017edd2c1fefb359320 -> 
  custom:audio-encoder-webm-vorbis: bf7c407c2cedff20999df2af8eb42d56 -> 
  custom:container-demuxer-ogg: 62fdf1f143b41e24485cea50d1cbac27 -> 
  custom:video-decoder-webm-vp8: 9c59270c3fd7afecdb556c50c9e8de78 -> 
  custom:audio-decoder-ogg-vorbis: bf7c407c2cedff20999df2af8eb42d56 -> 
========================================================================
Received Import Request.
  Time since last request: 45427.355520 seconds.
  path: Assets/Fantasy Skybox FREE/Cubemaps/FS002/FS002_Day_Sunless_Cubemap.mat
  artifactKey: Guid(1dfc2aa9d900889499587bd874c3da56) Importer(815301076,1909f56bfc062723c751e8b465ee728b)
Start importing Assets/Fantasy Skybox FREE/Cubemaps/FS002/FS002_Day_Sunless_Cubemap.mat using Guid(1dfc2aa9d900889499587bd874c3da56) Importer(815301076,1909f56bfc062723c751e8b465ee728b)  -> (artifact id: '5a7ddd33f72676fc5343ffb39ed79324') in 0.711581 seconds 
========================================================================
Received Import Request.
  Time since last request: 0.000070 seconds.
  path: Assets/Fantasy Skybox FREE/Panoramics/FS002/FS002_Day.mat
  artifactKey: Guid(9ca22510633fbfd4399f1704cd9d5c72) Importer(815301076,1909f56bfc062723c751e8b465ee728b)
Start importing Assets/Fantasy Skybox FREE/Panoramics/FS002/FS002_Day.mat using Guid(9ca22510633fbfd4399f1704cd9d5c72) Importer(815301076,1909f56bfc062723c751e8b465ee728b)  -> (artifact id: 'd3762c12559bc4c1ed0cebe7999b8d0d') in 0.178624 seconds 
========================================================================
Received Import Request.
  Time since last request: 0.000086 seconds.
  path: Assets/Fantasy Skybox FREE/Panoramics/FS017/FS017_Snowy.mat
  artifactKey: Guid(24d76106ebc1bd947a3fed862f899b82) Importer(815301076,1909f56bfc062723c751e8b465ee728b)
Start importing Assets/Fantasy Skybox FREE/Panoramics/FS017/FS017_Snowy.mat using Guid(24d76106ebc1bd947a3fed862f899b82) Importer(815301076,1909f56bfc062723c751e8b465ee728b)  -> (artifact id: 'b6ed90c4f63297b940d821b989744c96') in 0.019550 seconds 
========================================================================
Received Import Request.
  Time since last request: 0.000080 seconds.
  path: Assets/Fantasy Skybox FREE/Cubemaps/Classic/FS000_Day_05.mat
  artifactKey: Guid(e11f5b66aad75483b8cd16ee18a0c917) Importer(815301076,1909f56bfc062723c751e8b465ee728b)
Start importing Assets/Fantasy Skybox FREE/Cubemaps/Classic/FS000_Day_05.mat using Guid(e11f5b66aad75483b8cd16ee18a0c917) Importer(815301076,1909f56bfc062723c751e8b465ee728b)  -> (artifact id: '7a9222066f5a5884910769f7ef0da049') in 0.114804 seconds 
========================================================================
Received Import Request.
  Time since last request: 0.000064 seconds.
  path: Assets/Fantasy Skybox FREE/Cubemaps/FS017/FS017_Day_Sunless_Cubemap.mat
  artifactKey: Guid(0cd0203ab60f88f4db947a87b4f57cbd) Importer(815301076,1909f56bfc062723c751e8b465ee728b)
Start importing Assets/Fantasy Skybox FREE/Cubemaps/FS017/FS017_Day_Sunless_Cubemap.mat using Guid(0cd0203ab60f88f4db947a87b4f57cbd) Importer(815301076,1909f56bfc062723c751e8b465ee728b)  -> (artifact id: '1ae0f345cf4db1c27988859fa4a18dfc') in 0.032675 seconds 
========================================================================
Received Import Request.
  Time since last request: 0.000104 seconds.
  path: Assets/Materials/green.mat
  artifactKey: Guid(534bb7443c2f84202b163ff8a4e4aada) Importer(815301076,1909f56bfc062723c751e8b465ee728b)
Start importing Assets/Materials/green.mat using Guid(534bb7443c2f84202b163ff8a4e4aada) Importer(815301076,1909f56bfc062723c751e8b465ee728b)  -> (artifact id: '2a86547b3098bd79d6c8680b036f7223') in 0.025884 seconds 
========================================================================
Received Import Request.
  Time since last request: 0.000138 seconds.
  path: Assets/Fantasy Skybox FREE/Cubemaps/FS013/FS013_Snowy_Cubemap.mat
  artifactKey: Guid(87567e7d36a377546a61db55aebf554c) Importer(815301076,1909f56bfc062723c751e8b465ee728b)
Start importing Assets/Fantasy Skybox FREE/Cubemaps/FS013/FS013_Snowy_Cubemap.mat using Guid(87567e7d36a377546a61db55aebf554c) Importer(815301076,1909f56bfc062723c751e8b465ee728b)  -> (artifact id: '89f6d1c725d60a1ffeb11aa917bdb865') in 0.037205 seconds 
========================================================================
Received Import Request.
  Time since last request: 0.000101 seconds.
  path: Assets/Fantasy Skybox FREE/Cubemaps/Classic/FS000_Night_02.mat
  artifactKey: Guid(8202c457dff32486ba5ae1f2f548d983) Importer(815301076,1909f56bfc062723c751e8b465ee728b)
Start importing Assets/Fantasy Skybox FREE/Cubemaps/Classic/FS000_Night_02.mat using Guid(8202c457dff32486ba5ae1f2f548d983) Importer(815301076,1909f56bfc062723c751e8b465ee728b)  -> (artifact id: 'b898c4f38146c032a4c4604500f9f918') in 0.024240 seconds 
========================================================================
Received Import Request.
  Time since last request: 0.000073 seconds.
  path: Assets/Suriyun/Voxel_Environments/FBX/Materials/Ground_Sand_Mix_B.mat
  artifactKey: Guid(d299ed7979c49fd4ba75ecc6a855f119) Importer(815301076,1909f56bfc062723c751e8b465ee728b)
Start importing Assets/Suriyun/Voxel_Environments/FBX/Materials/Ground_Sand_Mix_B.mat using Guid(d299ed7979c49fd4ba75ecc6a855f119) Importer(815301076,1909f56bfc062723c751e8b465ee728b)  -> (artifact id: '9bb4e48f169574b25bbf63f13f2732ff') in 0.016685 seconds 
========================================================================
Received Import Request.
  Time since last request: 0.000096 seconds.
  path: Assets/TextMesh Pro/Examples & Extras/Fonts/Electronic Highway Sign.TTF
  artifactKey: Guid(8a2b9e2a607dd2143b58c44bc32410b4) Importer(815301076,1909f56bfc062723c751e8b465ee728b)
Start importing Assets/TextMesh Pro/Examples & Extras/Fonts/Electronic Highway Sign.TTF using Guid(8a2b9e2a607dd2143b58c44bc32410b4) Importer(815301076,1909f56bfc062723c751e8b465ee728b)  -> (artifact id: '31f971829d6ad3b770d586262515117d') in 2.452769 seconds 
========================================================================
Received Import Request.
  Time since last request: 0.000572 seconds.
  path: Assets/Fantasy Skybox FREE/Cubemaps/Classic/FS000_Day_01.mat
  artifactKey: Guid(12ccb828343c3405fb94289774b51aad) Importer(815301076,1909f56bfc062723c751e8b465ee728b)
Start importing Assets/Fantasy Skybox FREE/Cubemaps/Classic/FS000_Day_01.mat using Guid(12ccb828343c3405fb94289774b51aad) Importer(815301076,1909f56bfc062723c751e8b465ee728b)  -> (artifact id: 'f4d9980828ac1a1622b421d5dabb2d65') in 0.012264 seconds 
========================================================================
Received Import Request.
  Time since last request: 0.000052 seconds.
  path: Assets/Fantasy Skybox FREE/Panoramics/FS003/FS003_Day.mat
  artifactKey: Guid(c051fe5a20f72814f9643eb10ebbd2fc) Importer(815301076,1909f56bfc062723c751e8b465ee728b)
Start importing Assets/Fantasy Skybox FREE/Panoramics/FS003/FS003_Day.mat using Guid(c051fe5a20f72814f9643eb10ebbd2fc) Importer(815301076,1909f56bfc062723c751e8b465ee728b)  -> (artifact id: '35c55d13130e864da1ed89e6407d8a02') in 0.010469 seconds 
========================================================================
Received Import Request.
  Time since last request: 0.000060 seconds.
  path: Assets/Fantasy Skybox FREE/Cubemaps/Classic/FS000_Night_01.mat
  artifactKey: Guid(ab675e6698bde46fd87143fb0d7580cb) Importer(815301076,1909f56bfc062723c751e8b465ee728b)
Start importing Assets/Fantasy Skybox FREE/Cubemaps/Classic/FS000_Night_01.mat using Guid(ab675e6698bde46fd87143fb0d7580cb) Importer(815301076,1909f56bfc062723c751e8b465ee728b)  -> (artifact id: '27f1d129c35764a6dbd59ad14d83d1df') in 0.012118 seconds 
========================================================================
Received Import Request.
  Time since last request: 0.000053 seconds.
  path: Assets/Fantasy Skybox FREE/Cubemaps/FS013/FS013_Night_Moonless_Cubemap.mat
  artifactKey: Guid(52b6d30a38a2c844dbd84eb9828b22b8) Importer(815301076,1909f56bfc062723c751e8b465ee728b)
Start importing Assets/Fantasy Skybox FREE/Cubemaps/FS013/FS013_Night_Moonless_Cubemap.mat using Guid(52b6d30a38a2c844dbd84eb9828b22b8) Importer(815301076,1909f56bfc062723c751e8b465ee728b)  -> (artifact id: '2a6bc0405a1070356add1d358b69ac45') in 0.021887 seconds 
========================================================================
Received Import Request.
  Time since last request: 0.000074 seconds.
  path: Assets/Fantasy Skybox FREE/Panoramics/FS003/FS003_Night_Moonless.mat
  artifactKey: Guid(20cbde986f628bb41bbc92dfd61311cf) Importer(815301076,1909f56bfc062723c751e8b465ee728b)
Start importing Assets/Fantasy Skybox FREE/Panoramics/FS003/FS003_Night_Moonless.mat using Guid(20cbde986f628bb41bbc92dfd61311cf) Importer(815301076,1909f56bfc062723c751e8b465ee728b)  -> (artifact id: '43a040d8b285cee3a8a7936382222c71') in 0.011461 seconds 
========================================================================
Received Import Request.
  Time since last request: 0.000084 seconds.
  path: Assets/Fantasy Skybox FREE/Cubemaps/FS017/FS017_Rainy_Cubemap.mat
  artifactKey: Guid(be04847ecd3774d468b7a7fffb971b9c) Importer(815301076,1909f56bfc062723c751e8b465ee728b)
Start importing Assets/Fantasy Skybox FREE/Cubemaps/FS017/FS017_Rainy_Cubemap.mat using Guid(be04847ecd3774d468b7a7fffb971b9c) Importer(815301076,1909f56bfc062723c751e8b465ee728b)  -> (artifact id: '269f502b244338e005516a6c795e886a') in 0.024109 seconds 
========================================================================
Received Import Request.
  Time since last request: 0.000051 seconds.
  path: Assets/Suriyun/Fantasy Customizable Pack/Materials/Hair/Hair001e.mat
  artifactKey: Guid(0499e952f5a1d8844a024e383ff7b72f) Importer(815301076,1909f56bfc062723c751e8b465ee728b)
Start importing Assets/Suriyun/Fantasy Customizable Pack/Materials/Hair/Hair001e.mat using Guid(0499e952f5a1d8844a024e383ff7b72f) Importer(815301076,1909f56bfc062723c751e8b465ee728b)  -> (artifact id: '7e36c09b4cba7f33a127190e016874c7') in 0.014017 seconds 
========================================================================
Received Import Request.
  Time since last request: 0.000058 seconds.
  path: Assets/Fantasy Skybox FREE/Cubemaps/FS013/FS013_Night_Cubemap.mat
  artifactKey: Guid(737024f24a4498b4ea58a67c1667a3db) Importer(815301076,1909f56bfc062723c751e8b465ee728b)
Start importing Assets/Fantasy Skybox FREE/Cubemaps/FS013/FS013_Night_Cubemap.mat using Guid(737024f24a4498b4ea58a67c1667a3db) Importer(815301076,1909f56bfc062723c751e8b465ee728b)  -> (artifact id: '6953c9e98c42ea0a9d97771d118e3e75') in 0.021916 seconds 
========================================================================
Received Import Request.
  Time since last request: 0.000114 seconds.
  path: Assets/Fantasy Skybox FREE/Panoramics/FS017/FS017_Day_Sunless.mat
  artifactKey: Guid(416ee80c6a09f9b4fb43d9aa43f4a057) Importer(815301076,1909f56bfc062723c751e8b465ee728b)
Start importing Assets/Fantasy Skybox FREE/Panoramics/FS017/FS017_Day_Sunless.mat using Guid(416ee80c6a09f9b4fb43d9aa43f4a057) Importer(815301076,1909f56bfc062723c751e8b465ee728b)  -> (artifact id: 'c1942cc8035b1f6d1a84ca8202318ca5') in 0.015247 seconds 
========================================================================
Received Import Request.
  Time since last request: 0.000064 seconds.
  path: Assets/Fantasy Skybox FREE/Cubemaps/Classic/FS000_Night_03.mat
  artifactKey: Guid(f8a60d169ab8a46b09c9b01a3e51601f) Importer(815301076,1909f56bfc062723c751e8b465ee728b)
Start importing Assets/Fantasy Skybox FREE/Cubemaps/Classic/FS000_Night_03.mat using Guid(f8a60d169ab8a46b09c9b01a3e51601f) Importer(815301076,1909f56bfc062723c751e8b465ee728b)  -> (artifact id: '2877fa1c6bb147a47dab885fdab24168') in 0.015634 seconds 
========================================================================
Received Import Request.
  Time since last request: 0.000088 seconds.
  path: Assets/Fantasy Skybox FREE/Panoramics/FS002/FS002_Snowy.mat
  artifactKey: Guid(7b0f2096b49ccfb4f8b47c8084d650fa) Importer(815301076,1909f56bfc062723c751e8b465ee728b)
Start importing Assets/Fantasy Skybox FREE/Panoramics/FS002/FS002_Snowy.mat using Guid(7b0f2096b49ccfb4f8b47c8084d650fa) Importer(815301076,1909f56bfc062723c751e8b465ee728b)  -> (artifact id: 'cc6a09901882c3d62c68bc493474910b') in 0.014842 seconds 
========================================================================
Received Import Request.
  Time since last request: 0.000187 seconds.
  path: Assets/Fantasy Skybox FREE/Panoramics/FS013/FS013_Snowy.mat
  artifactKey: Guid(0e51b3d2f16325549987d8d6070de3a1) Importer(815301076,1909f56bfc062723c751e8b465ee728b)
Start importing Assets/Fantasy Skybox FREE/Panoramics/FS013/FS013_Snowy.mat using Guid(0e51b3d2f16325549987d8d6070de3a1) Importer(815301076,1909f56bfc062723c751e8b465ee728b)  -> (artifact id: '175e85d2d7a60295bc15b83dfe96f8da') in 0.017968 seconds 
========================================================================
Received Import Request.
  Time since last request: 11.153240 seconds.
  path: Assets/Resources/gya.png
  artifactKey: Guid(2992f3092b6154966a025243bfb2ada1) Importer(815301076,1909f56bfc062723c751e8b465ee728b)
Start importing Assets/Resources/gya.png using Guid(2992f3092b6154966a025243bfb2ada1) Importer(815301076,1909f56bfc062723c751e8b465ee728b)  -> (artifact id: '45c154236bdcda4e3d76700c98efaa8b') in 0.637676 seconds 
========================================================================
Received Import Request.
  Time since last request: 207.908892 seconds.
  path: Assets/Resources/gya.mtl
  artifactKey: Guid(962f2e49aea8744c0a518b123a23bed0) Importer(815301076,1909f56bfc062723c751e8b465ee728b)
Start importing Assets/Resources/gya.mtl using Guid(962f2e49aea8744c0a518b123a23bed0) Importer(815301076,1909f56bfc062723c751e8b465ee728b)  -> (artifact id: 'a8d8a1efced0c9ae52a78e5938643fa2') in 0.100265 seconds 
========================================================================
Received Import Request.
  Time since last request: 21.223008 seconds.
  path: Assets/Suriyun/Fantasy Customizable Pack/Materials/Characters/003b.mat
  artifactKey: Guid(3da1466dd278f4c4e8e9559269ac0204) Importer(815301076,1909f56bfc062723c751e8b465ee728b)
Start importing Assets/Suriyun/Fantasy Customizable Pack/Materials/Characters/003b.mat using Guid(3da1466dd278f4c4e8e9559269ac0204) Importer(815301076,1909f56bfc062723c751e8b465ee728b)  -> (artifact id: '89ee1f180678821a7ea0657496d6494d') in 0.020487 seconds 
========================================================================
Received Import Request.
  Time since last request: 0.000054 seconds.
  path: Assets/Suriyun/Fantasy Customizable Pack/Materials/Characters/004b.mat
  artifactKey: Guid(9bc4045084ffc7c4dae534b53b71b072) Importer(815301076,1909f56bfc062723c751e8b465ee728b)
Start importing Assets/Suriyun/Fantasy Customizable Pack/Materials/Characters/004b.mat using Guid(9bc4045084ffc7c4dae534b53b71b072) Importer(815301076,1909f56bfc062723c751e8b465ee728b)  -> (artifact id: '72cd2e737f47a78fd210612ed5814835') in 0.016881 seconds 
========================================================================
Received Import Request.
  Time since last request: 0.000043 seconds.
  path: Assets/Suriyun/Fantasy Customizable Pack/Materials/Characters/005b.mat
  artifactKey: Guid(93687e20abebae84ebafd1829ca3dcc3) Importer(815301076,1909f56bfc062723c751e8b465ee728b)
Start importing Assets/Suriyun/Fantasy Customizable Pack/Materials/Characters/005b.mat using Guid(93687e20abebae84ebafd1829ca3dcc3) Importer(815301076,1909f56bfc062723c751e8b465ee728b)  -> (artifact id: '4bdb677d3953b479439c647fba5be5d6') in 0.012433 seconds 
========================================================================
Received Import Request.
  Time since last request: 0.000057 seconds.
  path: Assets/Suriyun/Fantasy Customizable Pack/Materials/Characters/008.mat
  artifactKey: Guid(5a8afd247709a02469210a0f3403c307) Importer(815301076,1909f56bfc062723c751e8b465ee728b)
Start importing Assets/Suriyun/Fantasy Customizable Pack/Materials/Characters/008.mat using Guid(5a8afd247709a02469210a0f3403c307) Importer(815301076,1909f56bfc062723c751e8b465ee728b)  -> (artifact id: '9ca07e95d4a2b614a03fc8f9716fa057') in 0.013601 seconds 
========================================================================
Received Import Request.
  Time since last request: 0.000074 seconds.
  path: Assets/Suriyun/Fantasy Customizable Pack/Materials/Characters/006b.mat
  artifactKey: Guid(9a2ea0526519beb41a372ea3702f5c03) Importer(815301076,1909f56bfc062723c751e8b465ee728b)
Start importing Assets/Suriyun/Fantasy Customizable Pack/Materials/Characters/006b.mat using Guid(9a2ea0526519beb41a372ea3702f5c03) Importer(815301076,1909f56bfc062723c751e8b465ee728b)  -> (artifact id: '6bf17397977bba40b40ebab43a0e9d0e') in 0.015035 seconds 
========================================================================
Received Import Request.
  Time since last request: 0.000063 seconds.
  path: Assets/Suriyun/Fantasy Customizable Pack/Materials/Characters/007b.mat
  artifactKey: Guid(53a7460b7458633408afc438e2f8367e) Importer(815301076,1909f56bfc062723c751e8b465ee728b)
Start importing Assets/Suriyun/Fantasy Customizable Pack/Materials/Characters/007b.mat using Guid(53a7460b7458633408afc438e2f8367e) Importer(815301076,1909f56bfc062723c751e8b465ee728b)  -> (artifact id: 'e062aaab24f49df29a6854898c6d8606') in 0.016749 seconds 
========================================================================
Received Import Request.
  Time since last request: 0.107697 seconds.
  path: Assets/Suriyun/Fantasy Customizable Pack/Materials/Characters/017.mat
  artifactKey: Guid(b7c4589a50f934b468687e808e53436f) Importer(815301076,1909f56bfc062723c751e8b465ee728b)
Start importing Assets/Suriyun/Fantasy Customizable Pack/Materials/Characters/017.mat using Guid(b7c4589a50f934b468687e808e53436f) Importer(815301076,1909f56bfc062723c751e8b465ee728b)  -> (artifact id: 'd68fe0f204de13752334ae11260f6119') in 0.016598 seconds 
========================================================================
Received Import Request.
  Time since last request: 0.000057 seconds.
  path: Assets/Suriyun/Fantasy Customizable Pack/Materials/Characters/020b.mat
  artifactKey: Guid(115c9b202f56a114d8d47aff752f86ca) Importer(815301076,1909f56bfc062723c751e8b465ee728b)
Start importing Assets/Suriyun/Fantasy Customizable Pack/Materials/Characters/020b.mat using Guid(115c9b202f56a114d8d47aff752f86ca) Importer(815301076,1909f56bfc062723c751e8b465ee728b)  -> (artifact id: '362bdb36638e3e1ed0a737b5801804fa') in 0.017072 seconds 
========================================================================
Received Import Request.
  Time since last request: 0.000071 seconds.
  path: Assets/Suriyun/Fantasy Customizable Pack/Materials/Characters/021.mat
  artifactKey: Guid(8a830df2c44fdde429190ec3170787cd) Importer(815301076,1909f56bfc062723c751e8b465ee728b)
Start importing Assets/Suriyun/Fantasy Customizable Pack/Materials/Characters/021.mat using Guid(8a830df2c44fdde429190ec3170787cd) Importer(815301076,1909f56bfc062723c751e8b465ee728b)  -> (artifact id: '274252aa63889470b41a333e94b5a71c') in 0.013854 seconds 
========================================================================
Received Import Request.
  Time since last request: 0.000095 seconds.
  path: Assets/Suriyun/Fantasy Customizable Pack/Materials/Characters/022.mat
  artifactKey: Guid(2c69b760211dd214c9aa43b1b13fd76c) Importer(815301076,1909f56bfc062723c751e8b465ee728b)
Start importing Assets/Suriyun/Fantasy Customizable Pack/Materials/Characters/022.mat using Guid(2c69b760211dd214c9aa43b1b13fd76c) Importer(815301076,1909f56bfc062723c751e8b465ee728b)  -> (artifact id: 'cec04077dcca1f033df0837025e2ab1d') in 0.018064 seconds 
========================================================================
Received Import Request.
  Time since last request: 0.077739 seconds.
  path: Assets/Suriyun/Fantasy Customizable Pack/Materials/Characters/032.mat
  artifactKey: Guid(294950ec4cf664b45aaa1464612e8d50) Importer(815301076,1909f56bfc062723c751e8b465ee728b)
Start importing Assets/Suriyun/Fantasy Customizable Pack/Materials/Characters/032.mat using Guid(294950ec4cf664b45aaa1464612e8d50) Importer(815301076,1909f56bfc062723c751e8b465ee728b)  -> (artifact id: '1b2ce5ea233df70c325483a3ba2e20a9') in 0.015768 seconds 
========================================================================
Received Import Request.
  Time since last request: 0.000055 seconds.
  path: Assets/Suriyun/Fantasy Customizable Pack/Materials/Characters/038.mat
  artifactKey: Guid(1846d07cf92ebbc46a874e3c88134e09) Importer(815301076,1909f56bfc062723c751e8b465ee728b)
Start importing Assets/Suriyun/Fantasy Customizable Pack/Materials/Characters/038.mat using Guid(1846d07cf92ebbc46a874e3c88134e09) Importer(815301076,1909f56bfc062723c751e8b465ee728b)  -> (artifact id: 'c3636dfa90979db83b910a6d974bbb70') in 0.012881 seconds 
========================================================================
Received Import Request.
  Time since last request: 0.000064 seconds.
  path: Assets/Suriyun/Fantasy Customizable Pack/Materials/Characters/035.mat
  artifactKey: Guid(74a1c8dc0d8315a44ad94d22d80719f7) Importer(815301076,1909f56bfc062723c751e8b465ee728b)
Start importing Assets/Suriyun/Fantasy Customizable Pack/Materials/Characters/035.mat using Guid(74a1c8dc0d8315a44ad94d22d80719f7) Importer(815301076,1909f56bfc062723c751e8b465ee728b)  -> (artifact id: '4d954639e852323b67d8ccddd746afe2') in 0.015114 seconds 
========================================================================
Received Import Request.
  Time since last request: 0.000062 seconds.
  path: Assets/Suriyun/Fantasy Customizable Pack/Materials/Characters/037b.mat
  artifactKey: Guid(d824b1c21872d0a41a6e59138279f1a5) Importer(815301076,1909f56bfc062723c751e8b465ee728b)
Start importing Assets/Suriyun/Fantasy Customizable Pack/Materials/Characters/037b.mat using Guid(d824b1c21872d0a41a6e59138279f1a5) Importer(815301076,1909f56bfc062723c751e8b465ee728b)  -> (artifact id: '16fffcb859e4834f00cb3028a989ec84') in 0.015585 seconds 
========================================================================
Received Import Request.
  Time since last request: 0.006654 seconds.
  path: Assets/Suriyun/Fantasy Customizable Pack/Materials/Characters/038b.mat
  artifactKey: Guid(0fc7548aa8728d044bffac7a35c33cf3) Importer(815301076,1909f56bfc062723c751e8b465ee728b)
Start importing Assets/Suriyun/Fantasy Customizable Pack/Materials/Characters/038b.mat using Guid(0fc7548aa8728d044bffac7a35c33cf3) Importer(815301076,1909f56bfc062723c751e8b465ee728b)  -> (artifact id: '0b092af11e0533239e17b24c2025aef2') in 0.013694 seconds 
========================================================================
Received Import Request.
  Time since last request: 0.000074 seconds.
  path: Assets/Suriyun/Fantasy Customizable Pack/Materials/Characters/039b.mat
  artifactKey: Guid(4779d6f4ad9228e4db4bf866f85b6283) Importer(815301076,1909f56bfc062723c751e8b465ee728b)
Start importing Assets/Suriyun/Fantasy Customizable Pack/Materials/Characters/039b.mat using Guid(4779d6f4ad9228e4db4bf866f85b6283) Importer(815301076,1909f56bfc062723c751e8b465ee728b)  -> (artifact id: '89e78bffd2b9055f3bfc515171730f5c') in 0.014485 seconds 
========================================================================
Received Import Request.
  Time since last request: 0.000098 seconds.
  path: Assets/Suriyun/Fantasy Customizable Pack/Materials/Characters/041.mat
  artifactKey: Guid(9204abe8e5e5c0f4cb1e844b60f50ea7) Importer(815301076,1909f56bfc062723c751e8b465ee728b)
Start importing Assets/Suriyun/Fantasy Customizable Pack/Materials/Characters/041.mat using Guid(9204abe8e5e5c0f4cb1e844b60f50ea7) Importer(815301076,1909f56bfc062723c751e8b465ee728b)  -> (artifact id: '9104b1a456668b3aea32e29900ec6ac8') in 0.012157 seconds 
========================================================================
Received Import Request.
  Time since last request: 0.000057 seconds.
  path: Assets/Suriyun/Fantasy Customizable Pack/Materials/Characters/040b.mat
  artifactKey: Guid(a9402e9007c52b94bbf23ba347a16e1a) Importer(815301076,1909f56bfc062723c751e8b465ee728b)
Start importing Assets/Suriyun/Fantasy Customizable Pack/Materials/Characters/040b.mat using Guid(a9402e9007c52b94bbf23ba347a16e1a) Importer(815301076,1909f56bfc062723c751e8b465ee728b)  -> (artifact id: 'de2faecc64940142d5b65aada62e6e27') in 0.022219 seconds 
========================================================================
Received Import Request.
  Time since last request: 0.074319 seconds.
  path: Assets/Suriyun/Fantasy Customizable Pack/Materials/Characters/041b.mat
  artifactKey: Guid(0d4f8618b4bc28d42ab6ae0a4c1fe1bd) Importer(815301076,1909f56bfc062723c751e8b465ee728b)
Start importing Assets/Suriyun/Fantasy Customizable Pack/Materials/Characters/041b.mat using Guid(0d4f8618b4bc28d42ab6ae0a4c1fe1bd) Importer(815301076,1909f56bfc062723c751e8b465ee728b)  -> (artifact id: '7416656d3b6453640a2e980d2844e796') in 0.014134 seconds 
========================================================================
Received Import Request.
  Time since last request: 1.057403 seconds.
  path: Assets/Materials/orange.mat
  artifactKey: Guid(535232c1643324a1781cd70c6a60ce4d) Importer(815301076,1909f56bfc062723c751e8b465ee728b)
Start importing Assets/Materials/orange.mat using Guid(535232c1643324a1781cd70c6a60ce4d) Importer(815301076,1909f56bfc062723c751e8b465ee728b)  -> (artifact id: 'f4f7003ecedebb8b1076d2b920619a77') in 0.012775 seconds 
Editor requested this worker to shutdown with reason: Scaling down because of idle timeout
AssetImportWorker is now disconnected from the server
Process exiting
